<?xml version="1.0" encoding="utf-8"?><testsuites name="pytest tests"><testsuite name="pytest" errors="0" failures="0" skipped="0" tests="19" time="1.556" timestamp="2026-06-22T14:02:12.756953+00:00" hostname="agent-env-cf6d1a74-6093-4991-ad2e-08940afaf612"><testcase classname="backend.tests.backend_test.TestHealth" name="test_health_ok" time="0.271" /><testcase classname="backend.tests.backend_test.TestHealth" name="test_root" time="0.052" /><testcase classname="backend.tests.backend_test.TestProducts" name="test_products_returns_six" time="0.048" /><testcase classname="backend.tests.backend_test.TestInquiries" name="test_create_inquiry_valid" time="0.112" /><testcase classname="backend.tests.backend_test.TestInquiries" name="test_inquiry_persisted_in_list" time="0.048" /><testcase classname="backend.tests.backend_test.TestInquiries" name="test_create_inquiry_minimal_required" time="0.055" /><testcase classname="backend.tests.backend_test.TestInquiries" name="test_create_inquiry_invalid_email_422" time="0.054" /><testcase classname="backend.tests.backend_test.TestInquiries" name="test_create_inquiry_missing_message_422" time="0.049" /><testcase classname="backend.tests.backend_test.TestInquiries" name="test_get_inquiries_filters_kind" time="0.052" /><testcase classname="backend.tests.backend_test.TestDealers" name="test_create_dealer_valid" time="0.050" /><testcase classname="backend.tests.backend_test.TestDealers" name="test_dealer_persisted_in_list" time="0.050" /><testcase classname="backend.tests.backend_test.TestDealers" name="test_create_dealer_missing_required_422" time="0.047" /><testcase classname="backend.tests.backend_test.TestDealers" name="test_create_dealer_invalid_email_422" time="0.053" /><testcase classname="backend.tests.backend_test.TestSamples" name="test_create_sample_valid" time="0.056" /><testcase classname="backend.tests.backend_test.TestSamples" name="test_sample_persisted_in_list" time="0.058" /><testcase classname="backend.tests.backend_test.TestSamples" name="test_create_sample_missing_address_422" time="0.127" /><testcase classname="backend.tests.backend_test.TestSamples" name="test_create_sample_empty_products_ok" time="0.082" /><testcase classname="backend.tests.backend_test.TestEmailGracefulDegradation" name="test_health_reports_email_disabled" time="0.099" /><testcase classname="backend.tests.backend_test.TestEmailGracefulDegradation" name="test_post_inquiry_no_500_with_email_disabled" time="0.113" /></testsuite></testsuites>